<?xml version="1.0" encoding="UTF-8"?>
<!-- Generated by org.testng.reporters.JUnitReportReporter -->
<testsuite hostname="DESKTOP-MUG33TE" failures="0" tests="2" name="com.sample.page.Sample_Test_01" time="0.014" errors="0" timestamp="2023-01-18T11:32:34 IST" skipped="0">
  <testcase classname="com.sample.page.Sample_Test_01" name="Economy" time="0.006"/>
  <system-out/>
  <testcase classname="com.sample.page.Sample_Test_01" name="Polity" time="0.008"/>
  <system-out/>
</testsuite> <!-- com.sample.page.Sample_Test_01 -->
