<?xml version="1.0" encoding="UTF-8"?>
<!-- Generated by org.testng.reporters.JUnitReportReporter -->
<testsuite hostname="DESKTOP-MUG33TE" failures="0" tests="2" name="com.sample.page.Sample_Test_03" time="0.026" errors="0" timestamp="2023-01-18T11:32:34 IST" skipped="0">
  <testcase classname="com.sample.page.Sample_Test_03" name="Geography" time="0.017"/>
  <system-out/>
  <testcase classname="com.sample.page.Sample_Test_03" name="Environment" time="0.009"/>
  <system-out/>
</testsuite> <!-- com.sample.page.Sample_Test_03 -->
