<?xml version="1.0" encoding="UTF-8"?>
<!-- Generated by org.testng.reporters.JUnitReportReporter -->
<testsuite hostname="DESKTOP-MUG33TE" failures="0" tests="2" name="com.sample.page.CreatePage" time="0.043" errors="0" timestamp="2023-01-18T11:32:34 IST" skipped="0">
  <testcase classname="com.sample.page.CreatePage" name="create" time="0.023"/>
  <system-out/>
  <testcase classname="com.sample.page.CreatePage" name="modify" time="0.020"/>
  <system-out/>
</testsuite> <!-- com.sample.page.CreatePage -->
